[2020-06-18T13:15:56.424456+00:00] slim-app.INFO: Tasks list was viewed. [] {"uid":"1f2b5ea"}
[2020-06-18T13:35:59.736808+00:00] slim-app.INFO: Tasks list was viewed. [] {"uid":"a358aca"}
[2020-06-18T13:36:23.418858+00:00] slim-app.INFO: Tasks list was viewed. [] {"uid":"32592cb"}
[2020-06-18T13:36:37.184921+00:00] slim-app.INFO: Tasks list was viewed. [] {"uid":"d829f63"}
[2020-06-18T13:37:12.022172+00:00] slim-app.INFO: Task of id `8971677f-3c64-4165-8025-986b5b0b0346` was created. [] {"uid":"c86dd0f"}
[2020-06-18T13:37:17.614041+00:00] slim-app.INFO: Tasks list was viewed. [] {"uid":"070c425"}
[2020-06-18T13:37:35.806427+00:00] slim-app.INFO: Task of id `8971677f-3c64-4165-8025-986b5b0b0346` was update. [] {"uid":"00a6399"}
[2020-06-18T13:37:41.410024+00:00] slim-app.INFO: Tasks list was viewed. [] {"uid":"58953f0"}
[2020-06-18T15:54:16.777221+00:00] slim-app.INFO: Tasks list was viewed. [] {"uid":"4c29503"}
[2020-06-18T15:59:58.427383+00:00] slim-app.INFO: Tasks list was viewed. [] {"uid":"8984719"}
[2020-06-18T16:00:28.862365+00:00] slim-app.INFO: Tasks list was viewed. [] {"uid":"224aec3"}
[2020-06-18T16:00:28.865297+00:00] slim-app.INFO: Task of id `dcad62e6-a61f-4e67-8cf3-cbc5b4579129` was viewed. [] {"uid":"227c7ac"}
[2020-06-18T17:01:04.705018+00:00] slim-app.INFO: Tasks list was viewed. [] {"uid":"6600e95"}
[2020-06-18T17:01:04.714050+00:00] slim-app.INFO: Task of id `688c7b3e-ef35-4e97-87e8-ad145511a7f6` was viewed. [] {"uid":"0b8378e"}
[2020-06-18T17:01:19.387767+00:00] slim-app.INFO: Tasks list was viewed. [] {"uid":"8e542c3"}
[2020-06-18T17:01:19.397422+00:00] slim-app.INFO: Task of id `d4dd9403-00f9-492a-86d4-0b199137e68b` was viewed. [] {"uid":"f9862e2"}
[2020-06-18T17:13:28.703870+00:00] slim-app.INFO: Tasks list was viewed. [] {"uid":"be3eef6"}
[2020-06-18T17:13:28.711580+00:00] slim-app.INFO: Task of id `23e516ca-2355-4577-a675-3e43643e32c0` was viewed. [] {"uid":"087bcd8"}
[2020-06-18T17:36:52.228468+00:00] slim-app.INFO: Task of id `21c011f0-2cb0-4015-be58-ba2f734a778b` was viewed. [] {"uid":"2e5a72b"}
[2020-06-18T17:37:31.998115+00:00] slim-app.INFO: Task of id `983c7285-a3e8-42f9-b555-a7561bb80c23` was viewed. [] {"uid":"ff19cb7"}
[2020-06-18T17:38:37.320560+00:00] slim-app.INFO: Tasks list was viewed. [] {"uid":"2b0a868"}
[2020-06-18T17:38:37.326793+00:00] slim-app.INFO: Task of id `e9eaaeaa-5d68-4bf4-a2d5-d4415fdfeff9` was viewed. [] {"uid":"0889001"}
[2020-06-18T17:47:23.851043+00:00] slim-app.INFO: Tasks list was viewed. [] {"uid":"c7ec5b8"}
[2020-06-18T17:47:23.856402+00:00] slim-app.INFO: Task of id `b015dad7-8f40-4deb-8766-c0e071ebcb53` was viewed. [] {"uid":"be816fb"}
[2020-06-18T17:47:45.578779+00:00] slim-app.INFO: Tasks list was viewed. [] {"uid":"80dbf74"}
[2020-06-18T17:47:45.583287+00:00] slim-app.INFO: Task of id `9e6a1bd3-adb5-4ebb-982b-1c3581f7913b` was viewed. [] {"uid":"dd83fdf"}
[2020-06-18T17:51:04.287219+00:00] slim-app.INFO: Tasks list was viewed. [] {"uid":"66511d6"}
[2020-06-18T17:51:04.293430+00:00] slim-app.INFO: Task of id `bdc180fa-1ad3-4ca2-a721-b44563f1940c` was viewed. [] {"uid":"87574e4"}
[2020-06-18T17:55:38.059210+00:00] slim-app.INFO: Tasks list was viewed. [] {"uid":"9b40caa"}
[2020-06-18T17:55:38.065127+00:00] slim-app.INFO: Task of id `5308cc88-13a7-40a8-84b9-a53829634295` was viewed. [] {"uid":"35aef0b"}
[2020-06-18T17:55:56.718967+00:00] slim-app.INFO: Tasks list was viewed. [] {"uid":"804a6bb"}
[2020-06-18T17:55:56.723446+00:00] slim-app.INFO: Task of id `34c0a005-2822-4d70-89fe-c4da26a943c5` was viewed. [] {"uid":"359a74d"}
[2020-06-18T17:56:05.120932+00:00] slim-app.INFO: Tasks list was viewed. [] {"uid":"5dfd0bc"}
[2020-06-18T17:56:05.123869+00:00] slim-app.INFO: Task of id `24e03e1b-c1c6-463e-a5aa-3e928bec77cb` was viewed. [] {"uid":"6fad40b"}
[2020-06-18T17:56:12.982823+00:00] slim-app.INFO: Tasks list was viewed. [] {"uid":"62a2c45"}
[2020-06-18T17:56:12.985458+00:00] slim-app.INFO: Task of id `9cd56370-4fd4-4369-a647-18964eafc37b` was viewed. [] {"uid":"efc4027"}
[2020-06-18T17:56:44.328148+00:00] slim-app.INFO: Tasks list was viewed. [] {"uid":"3866f49"}
[2020-06-18T17:56:44.332709+00:00] slim-app.INFO: Task of id `defdf131-81c4-4430-8349-4aa187e82863` was viewed. [] {"uid":"029b2f8"}
[2020-06-18T18:06:01.896026+00:00] slim-app.INFO: Tasks list was viewed. [] {"uid":"4ce9a84"}
[2020-06-18T18:06:01.903079+00:00] slim-app.INFO: Task of id `830a3e00-94ed-4052-8440-c51dbe2eefe8` was viewed. [] {"uid":"e9caaa0"}
[2020-06-18T18:09:59.733458+00:00] slim-app.INFO: Tasks list was viewed. [] {"uid":"b934309"}
[2020-06-18T18:09:59.740776+00:00] slim-app.INFO: Task of id `8e549e1f-f14e-4131-8677-abf9a5f39896` was viewed. [] {"uid":"c1a26d6"}
[2020-06-18T20:39:07.024835+00:00] slim-app.INFO: Tasks list was viewed. [] {"uid":"68495f2"}
[2020-06-18T20:39:07.030977+00:00] slim-app.INFO: Task of id `bf62a30d-7556-4c6e-b8ec-9c81f53c83d9` was viewed. [] {"uid":"ebe0ec3"}
[2020-06-18T20:39:44.078330+00:00] slim-app.INFO: Tasks list was viewed. [] {"uid":"c030cc6"}
[2020-06-18T20:39:44.083722+00:00] slim-app.INFO: Task of id `079e114e-1da0-436b-b007-a920d84dbb30` was viewed. [] {"uid":"6c4b4ca"}
[2020-06-18T20:40:12.513222+00:00] slim-app.INFO: Tasks list was viewed. [] {"uid":"758a912"}
[2020-06-18T20:40:12.518335+00:00] slim-app.INFO: Task of id `70ccaab9-be82-44b4-8c76-e8f95a60bc14` was viewed. [] {"uid":"5618485"}
[2020-06-18T20:40:21.815352+00:00] slim-app.INFO: Tasks list was viewed. [] {"uid":"627bbac"}
[2020-06-18T20:40:21.818795+00:00] slim-app.INFO: Task of id `d5f14924-4e67-4b9f-882c-4c12d51a2246` was viewed. [] {"uid":"99e6f9a"}
[2020-06-18T20:40:59.942723+00:00] slim-app.INFO: Tasks list was viewed. [] {"uid":"021a249"}
[2020-06-18T20:40:59.946551+00:00] slim-app.INFO: Task of id `c96e02aa-62ea-4d95-b935-f783996bfc5f` was viewed. [] {"uid":"76757c3"}
[2020-06-18T20:44:53.263027+00:00] slim-app.INFO: Tasks list was viewed. [] {"uid":"2e2acc2"}
[2020-06-18T20:44:53.269181+00:00] slim-app.INFO: Task of id `aff4e9d1-2b14-4da5-9c0e-f0f58fe445c2` was viewed. [] {"uid":"7f50bb7"}
[2020-06-18T20:45:13.662100+00:00] slim-app.INFO: Tasks list was viewed. [] {"uid":"2b2df52"}
[2020-06-18T20:45:13.665707+00:00] slim-app.INFO: Task of id `bb6e049c-4485-441c-8d5f-6e5be3eb5f5d` was viewed. [] {"uid":"5f08f1b"}
[2020-06-18T20:45:56.621976+00:00] slim-app.INFO: Tasks list was viewed. [] {"uid":"0ce0eeb"}
[2020-06-18T20:45:56.629735+00:00] slim-app.INFO: Task of id `75bdc29a-efc4-4753-b05a-25469d76330d` was viewed. [] {"uid":"c619453"}
[2020-06-18T20:47:26.157691+00:00] slim-app.INFO: Tasks list was viewed. [] {"uid":"239c419"}
[2020-06-18T20:47:26.162312+00:00] slim-app.INFO: Task of id `9fb9ba86-777a-4616-9189-ff667031ae89` was viewed. [] {"uid":"80bcd84"}
[2020-06-18T20:48:20.560870+00:00] slim-app.INFO: Tasks list was viewed. [] {"uid":"c557410"}
[2020-06-18T20:48:20.565262+00:00] slim-app.INFO: Task of id `609bd885-fba6-42cb-b98f-b2350732a728` was viewed. [] {"uid":"20dbb63"}
[2020-06-18T20:48:46.997864+00:00] slim-app.INFO: Tasks list was viewed. [] {"uid":"e8ecf19"}
[2020-06-18T20:48:47.002899+00:00] slim-app.INFO: Task of id `29aaed83-d69e-4c0f-9633-0e929a8f5c49` was viewed. [] {"uid":"2207f0a"}
[2020-06-18T21:17:43.152616+00:00] slim-app.INFO: Tasks list was viewed. [] {"uid":"e3f8df1"}
[2020-06-18T21:17:43.159014+00:00] slim-app.INFO: Task of id `78914f18-a3e9-401a-9d1a-43514cb3e714` was viewed. [] {"uid":"9140d71"}
[2020-06-18T21:20:18.670224+00:00] slim-app.INFO: Tasks list was viewed. [] {"uid":"2c6ad23"}
[2020-06-18T21:20:18.675725+00:00] slim-app.INFO: Task of id `b471b22b-6ae1-474c-9e62-e132bd008d8d` was viewed. [] {"uid":"7b8aea6"}
[2020-06-18T21:22:19.566805+00:00] slim-app.INFO: Tasks list was viewed. [] {"uid":"3eeeb88"}
[2020-06-18T21:22:19.572795+00:00] slim-app.INFO: Task of id `3fd202d4-e4f4-48c0-9329-1e77a151c46b` was viewed. [] {"uid":"6d785c3"}
[2020-06-18T21:23:31.216761+00:00] slim-app.INFO: Tasks list was viewed. [] {"uid":"eac8669"}
[2020-06-18T21:23:31.223787+00:00] slim-app.INFO: Task of id `27cd8c7c-0d96-4073-b2ef-fac6f65b5329` was viewed. [] {"uid":"d0c7059"}
[2020-06-18T21:25:19.379440+00:00] slim-app.INFO: Tasks list was viewed. [] {"uid":"f7f5479"}
[2020-06-18T21:25:19.387433+00:00] slim-app.INFO: Task of id `98fbaa3a-3e6d-4de7-a3df-0562b110fcff` was viewed. [] {"uid":"d012c74"}
[2020-06-18T21:25:46.095390+00:00] slim-app.INFO: Tasks list was viewed. [] {"uid":"2b73b22"}
[2020-06-18T21:25:46.100602+00:00] slim-app.INFO: Task of id `8ef69a1b-89d4-4ee9-b701-6c0af82f4cfb` was viewed. [] {"uid":"00c2dc8"}
[2020-06-18T21:26:11.448282+00:00] slim-app.INFO: Tasks list was viewed. [] {"uid":"da8bf4b"}
[2020-06-18T21:26:11.452061+00:00] slim-app.INFO: Task of id `827546ee-1539-4b74-9c32-be19478fa215` was viewed. [] {"uid":"733a15c"}
[2020-06-18T21:26:18.044098+00:00] slim-app.INFO: Tasks list was viewed. [] {"uid":"6c6e61c"}
[2020-06-18T21:26:18.047714+00:00] slim-app.INFO: Task of id `458e0855-1ea1-424d-891c-8f6a020a38d3` was viewed. [] {"uid":"620e3db"}
[2020-06-18T21:34:43.905860+00:00] slim-app.INFO: Tasks list was viewed. [] {"uid":"1769ada"}
[2020-06-18T21:34:43.910883+00:00] slim-app.INFO: Task of id `5e05dcf9-3135-4227-8b5b-6602d2877854` was viewed. [] {"uid":"fb1396b"}
[2020-06-18T22:06:01.218964+00:00] slim-app.INFO: Tasks list was viewed. [] {"uid":"230a3f4"}
[2020-06-18T22:06:01.224638+00:00] slim-app.INFO: Task of id `02a919c3-748f-4eb8-865a-417b9963f009` was viewed. [] {"uid":"899a5a3"}
[2020-06-18T22:06:35.981368+00:00] slim-app.INFO: Tasks list was viewed. [] {"uid":"f6198f0"}
[2020-06-18T22:06:35.987428+00:00] slim-app.INFO: Task of id `6009bdbc-281f-475c-8c36-5f47cdd985a9` was viewed. [] {"uid":"0c7d8db"}
[2020-06-18T22:06:55.674276+00:00] slim-app.INFO: Tasks list was viewed. [] {"uid":"7e43793"}
[2020-06-18T22:06:55.680482+00:00] slim-app.INFO: Task of id `6b6a2a34-67c1-4ebf-97c5-98ebc83a918a` was viewed. [] {"uid":"6222d54"}
[2020-06-18T22:08:26.938750+00:00] slim-app.INFO: Tasks list was viewed. [] {"uid":"ce50bda"}
[2020-06-18T22:08:26.944036+00:00] slim-app.INFO: Task of id `1c98a304-a407-4c1c-b678-b4e473f941a9` was viewed. [] {"uid":"af2dbb5"}
[2020-06-18T22:18:19.573471+00:00] slim-app.INFO: Tasks list was viewed. [] {"uid":"535be3c"}
[2020-06-18T22:18:19.579860+00:00] slim-app.INFO: Task of id `b5187510-d831-4144-be68-a0a08f8b92fd` was viewed. [] {"uid":"18403ad"}
[2020-06-18T22:33:01.979030+00:00] slim-app.INFO: Task of id `b80ffc34-18a4-4970-a59d-761e99ec64e1` was created. [] {"uid":"3964ee2"}
[2020-06-18T22:33:01.990074+00:00] slim-app.INFO: Tasks list was viewed. [] {"uid":"48dd28d"}
[2020-06-18T22:33:01.992432+00:00] slim-app.INFO: Task of id `2596f400-c3b4-4660-8186-e09cdfb0de3d` was viewed. [] {"uid":"755230d"}
[2020-06-18T22:33:57.562334+00:00] slim-app.INFO: Tasks list was viewed. [] {"uid":"eeed91b"}
[2020-06-18T22:33:57.567120+00:00] slim-app.INFO: Task of id `db25fae1-6524-4399-84b6-7f87957047ea` was viewed. [] {"uid":"433ff3c"}
[2020-06-18T22:34:17.617893+00:00] slim-app.INFO: Tasks list was viewed. [] {"uid":"260aa50"}
[2020-06-18T22:34:17.621908+00:00] slim-app.INFO: Task of id `2d7965ab-c54a-4a3b-80f0-7db9c979fa8d` was viewed. [] {"uid":"baab0ff"}
[2020-06-18T22:37:46.848192+00:00] slim-app.INFO: Task of id `41088608-e6d3-496a-8ab2-07c8869c41c0` was created. [] {"uid":"3fa6437"}
[2020-06-18T22:37:46.859777+00:00] slim-app.INFO: Tasks list was viewed. [] {"uid":"9960848"}
[2020-06-18T22:37:46.861993+00:00] slim-app.INFO: Task of id `1c00c541-247f-4ae7-9b20-df48a87630c5` was viewed. [] {"uid":"8c34f49"}
[2020-06-19T00:00:23.269461+00:00] slim-app.INFO: Task of id `b3821018-020b-442a-9747-b208110d3618` was created. [] {"uid":"f737f9e"}
[2020-06-19T00:00:23.281139+00:00] slim-app.INFO: Tasks list was viewed. [] {"uid":"25436b8"}
[2020-06-19T00:00:23.285200+00:00] slim-app.INFO: Task of id `f61a6e02-dfbd-4215-ad54-f32643a945e7` was viewed. [] {"uid":"eec27b2"}
[2020-06-19T00:01:14.361418+00:00] slim-app.INFO: Task of id `46e7dde0-0c32-4868-95b2-b95fdace93df` was created. [] {"uid":"b625c9a"}
[2020-06-19T00:01:14.374259+00:00] slim-app.INFO: Tasks list was viewed. [] {"uid":"e27f4d4"}
[2020-06-19T00:01:14.377466+00:00] slim-app.INFO: Task of id `3ff82839-0bad-48bf-a921-1990e9c5a0fb` was viewed. [] {"uid":"a05f14f"}
[2020-06-19T00:02:53.322589+00:00] slim-app.INFO: Task of id `bc397766-27c2-4c57-8145-89eaca13af39` was created. [] {"uid":"92acb8f"}
[2020-06-19T00:02:53.334666+00:00] slim-app.INFO: Tasks list was viewed. [] {"uid":"eaf5e60"}
[2020-06-19T00:02:53.337118+00:00] slim-app.INFO: Task of id `0701a60f-f64d-4e86-9534-c9e92f79c3a1` was viewed. [] {"uid":"179efd4"}
[2020-06-19T00:26:53.661565+00:00] slim-app.INFO: Task of id `8b148788-ba09-4b70-aadd-f1e0f60aba5e` was created. [] {"uid":"a47bf9d"}
[2020-06-19T00:26:53.672777+00:00] slim-app.INFO: Tasks list was viewed. [] {"uid":"ce8ec77"}
[2020-06-19T00:26:53.675308+00:00] slim-app.INFO: Task of id `58a9813e-c06b-467c-a472-0737d90c9fac` was viewed. [] {"uid":"b86997e"}
[2020-06-19T00:27:27.378710+00:00] slim-app.INFO: Task of id `28ede2e6-69da-4409-a300-a6de02b3a5e5` was created. [] {"uid":"ba62d32"}
[2020-06-19T00:27:27.383855+00:00] slim-app.INFO: Tasks list was viewed. [] {"uid":"bc17d11"}
[2020-06-19T00:27:27.386169+00:00] slim-app.INFO: Task of id `324459ce-86cd-407e-8695-2e4a603002e8` was viewed. [] {"uid":"4f6222d"}
[2020-06-19T00:27:28.820927+00:00] slim-app.INFO: Task of id `d4713919-9864-4a09-b779-a45941b8cd8e` was created. [] {"uid":"c7f8bcd"}
[2020-06-19T00:27:28.826971+00:00] slim-app.INFO: Tasks list was viewed. [] {"uid":"a44a1f9"}
[2020-06-19T00:27:28.829025+00:00] slim-app.INFO: Task of id `228c5ff0-1c61-4b9d-ab93-fae512dc3df2` was viewed. [] {"uid":"0b99ea6"}
[2020-06-19T00:30:05.436804+00:00] slim-app.INFO: Task of id `ce1c55dd-722b-4c20-8762-f2de022e9568` was created. [] {"uid":"9b5ab52"}
[2020-06-19T00:30:05.442041+00:00] slim-app.INFO: Tasks list was viewed. [] {"uid":"2bd0a72"}
[2020-06-19T00:30:05.444773+00:00] slim-app.INFO: Task of id `05b3b4e5-4de6-4d4d-b840-f63f758b568d` was viewed. [] {"uid":"1652af6"}
[2020-06-19T00:31:55.475670+00:00] slim-app.INFO: Task of id `13eadb54-59e3-4a58-a770-73e3fcf4fcaf` was created. [] {"uid":"48a3c68"}
[2020-06-19T00:31:55.487683+00:00] slim-app.INFO: Tasks list was viewed. [] {"uid":"0cd2ac0"}
[2020-06-19T00:31:55.490018+00:00] slim-app.INFO: Task of id `9a8df212-1fcb-4a13-a6bf-31d4d0bc894b` was viewed. [] {"uid":"db60624"}
[2020-06-19T00:32:12.321633+00:00] slim-app.INFO: Task of id `bde717b8-b35e-4b6f-988a-989372822274` was created. [] {"uid":"d917303"}
[2020-06-19T00:32:12.333388+00:00] slim-app.INFO: Tasks list was viewed. [] {"uid":"b3e49b5"}
[2020-06-19T00:32:12.336867+00:00] slim-app.INFO: Task of id `4142ba35-0b3d-4137-812f-4be44665f0f8` was viewed. [] {"uid":"3c5165a"}
[2020-06-19T00:33:54.282044+00:00] slim-app.INFO: Task of id `c64e2abb-6846-4396-a94f-f036c5ea9988` was created. [] {"uid":"b37c575"}
[2020-06-19T00:33:54.293487+00:00] slim-app.INFO: Tasks list was viewed. [] {"uid":"ab38e8f"}
[2020-06-19T00:33:54.296231+00:00] slim-app.INFO: Task of id `811029b5-c286-402e-9f4a-16208ec912a4` was viewed. [] {"uid":"58f130a"}
[2020-06-19T00:35:09.080759+00:00] slim-app.INFO: Tasks list was viewed. [] {"uid":"7ee56fd"}
[2020-06-19T00:35:12.655062+00:00] slim-app.INFO: Task of id `d5860fe4-70da-4495-953d-e3f639e195df` was created. [] {"uid":"5d90b05"}
[2020-06-19T00:46:22.312931+00:00] slim-app.INFO: Task of id `4200f8b5-f4b4-4c98-bd13-52e9046de338` was created. [] {"uid":"25f069d"}
[2020-06-19T00:46:22.324954+00:00] slim-app.INFO: Tasks list was viewed. [] {"uid":"ca094c2"}
[2020-06-19T00:46:22.327152+00:00] slim-app.INFO: Task of id `98bc09f8-014a-4031-8217-95570a0d7757` was viewed. [] {"uid":"bbfae44"}
[2020-06-19T00:59:46.539437+00:00] slim-app.INFO: Task of id `134cc23e-7c3d-411a-80fd-9f5f29fb49d7` was created. [] {"uid":"c4b96cf"}
[2020-06-19T00:59:46.546563+00:00] slim-app.INFO: Tasks list was viewed. [] {"uid":"482f52f"}
[2020-06-19T00:59:46.549057+00:00] slim-app.INFO: Task of id `0da9b23e-367c-4d51-9997-75aaae4f945f` was viewed. [] {"uid":"eee5217"}
[2020-06-19T01:01:00.091046+00:00] slim-app.INFO: Task of id `ada344a0-61a3-4ab2-a4fc-289173aaa833` was created. [] {"uid":"a745d21"}
[2020-06-19T01:01:00.104206+00:00] slim-app.INFO: Tasks list was viewed. [] {"uid":"07a882d"}
[2020-06-19T01:01:00.108522+00:00] slim-app.INFO: Task of id `86f9b154-4622-4025-81ec-32480e7d957e` was viewed. [] {"uid":"fb7e87b"}
[2020-06-19T01:01:42.811596+00:00] slim-app.INFO: Task of id `b4006384-25c2-47bf-97e0-805518cc431b` was created. [] {"uid":"aac8a35"}
[2020-06-19T01:01:42.824336+00:00] slim-app.INFO: Tasks list was viewed. [] {"uid":"3de9831"}
[2020-06-19T01:01:42.826848+00:00] slim-app.INFO: Task of id `200d7295-654b-48e7-bc35-e78593b86ca7` was viewed. [] {"uid":"84dc334"}
[2020-06-19T01:02:16.616378+00:00] slim-app.INFO: Task of id `bdbcad72-833b-4e11-b491-6e55787af755` was created. [] {"uid":"bf72f60"}
[2020-06-19T01:02:16.630263+00:00] slim-app.INFO: Tasks list was viewed. [] {"uid":"5ec3aa3"}
[2020-06-19T01:02:16.633343+00:00] slim-app.INFO: Task of id `d8e40db4-24a9-48e2-9ecf-f96c6d522a34` was viewed. [] {"uid":"112019f"}
[2020-06-19T01:02:26.650244+00:00] slim-app.INFO: Task of id `0e7ac654-324a-4cab-be71-a5f01d7108dc` was created. [] {"uid":"99c769f"}
[2020-06-19T01:02:26.666397+00:00] slim-app.INFO: Tasks list was viewed. [] {"uid":"2137035"}
[2020-06-19T01:02:26.669628+00:00] slim-app.INFO: Task of id `7997b6e5-c1b8-4d6f-9700-d2f615876e5c` was viewed. [] {"uid":"20e7202"}
[2020-06-19T01:02:49.110363+00:00] slim-app.INFO: Task of id `f1b0abb2-e4e0-49b5-906e-af6e87fdd2ed` was created. [] {"uid":"77c7146"}
[2020-06-19T01:02:49.115569+00:00] slim-app.INFO: Tasks list was viewed. [] {"uid":"07e30ad"}
[2020-06-19T01:02:49.117519+00:00] slim-app.INFO: Task of id `f596293f-1e0b-4395-819b-355183007758` was viewed. [] {"uid":"1469fe1"}
[2020-06-19T01:02:56.022077+00:00] slim-app.INFO: Task of id `18f50784-5fae-419a-b38b-ba32068ef020` was created. [] {"uid":"71a4800"}
[2020-06-19T01:02:56.031373+00:00] slim-app.INFO: Tasks list was viewed. [] {"uid":"d16109a"}
[2020-06-19T01:02:56.033747+00:00] slim-app.INFO: Task of id `ff2ef19b-def1-4fd3-ac6d-8044e8643315` was viewed. [] {"uid":"2b27c77"}
[2020-06-19T01:03:29.520577+00:00] slim-app.INFO: Task of id `8109f531-93cb-4865-9b7f-02f3e41f5346` was created. [] {"uid":"67cb7d8"}
[2020-06-19T01:03:29.528682+00:00] slim-app.INFO: Tasks list was viewed. [] {"uid":"4687a2d"}
[2020-06-19T01:03:29.530613+00:00] slim-app.INFO: Task of id `8cca7e4f-b325-4af0-b7ee-1759470c90ee` was viewed. [] {"uid":"bc9944a"}
[2020-06-19T01:04:47.583965+00:00] slim-app.INFO: Task of id `1e37c754-fe6d-4bca-8c67-6e3a9200ff39` was created. [] {"uid":"4dce57a"}
[2020-06-19T01:04:47.601342+00:00] slim-app.INFO: Tasks list was viewed. [] {"uid":"90f2c72"}
[2020-06-19T01:04:47.604809+00:00] slim-app.INFO: Task of id `74bf9356-fe89-4a13-96ba-1692f7386ce5` was viewed. [] {"uid":"6dade5f"}
[2020-06-19T01:04:57.546254+00:00] slim-app.INFO: Task of id `efe3ba9e-dde6-4170-945e-f7214862a8e2` was created. [] {"uid":"0fe7c95"}
[2020-06-19T01:04:57.551114+00:00] slim-app.INFO: Tasks list was viewed. [] {"uid":"0d9f074"}
[2020-06-19T01:04:57.552940+00:00] slim-app.INFO: Task of id `8e662c58-c172-47c6-845a-3a7d132ae731` was viewed. [] {"uid":"ecffd39"}
[2020-06-19T01:06:00.706932+00:00] slim-app.INFO: Task of id `441fcdb8-1836-4f2a-8dac-9bc2f1e88eff` was created. [] {"uid":"ed940ed"}
[2020-06-19T01:06:00.717741+00:00] slim-app.INFO: Tasks list was viewed. [] {"uid":"14b249c"}
[2020-06-19T01:06:00.719824+00:00] slim-app.INFO: Task of id `dff41f8f-4e90-4520-aba5-553cb06d9c26` was viewed. [] {"uid":"a23f24d"}
[2020-06-19T01:06:23.739238+00:00] slim-app.INFO: Task of id `b506ce57-085a-4057-bf1f-e3a2ddb07468` was created. [] {"uid":"1550244"}
[2020-06-19T01:06:23.749382+00:00] slim-app.INFO: Tasks list was viewed. [] {"uid":"8e7d706"}
[2020-06-19T01:06:23.751657+00:00] slim-app.INFO: Task of id `9c5d4578-f457-4760-a7d5-357276398940` was viewed. [] {"uid":"1db6ba4"}
[2020-06-19T01:17:31.345759+00:00] slim-app.INFO: Task of id `5f280f5b-cf80-4dad-8ebc-ce75c1870cb1` was created. [] {"uid":"a874ce5"}
[2020-06-19T01:17:31.356886+00:00] slim-app.INFO: Tasks list was viewed. [] {"uid":"df69e0d"}
[2020-06-19T01:17:31.363487+00:00] slim-app.INFO: Task of id `f3f2a9dc-4a32-4a44-8387-76398d0142a7` was viewed. [] {"uid":"5d8291e"}
[2020-06-19T01:18:50.261250+00:00] slim-app.INFO: Task of id `d67151d4-ad36-4cfc-a2f7-93e0126bcef8` was created. [] {"uid":"4f011e7"}
[2020-06-19T01:18:50.272555+00:00] slim-app.INFO: Tasks list was viewed. [] {"uid":"5ddd458"}
[2020-06-19T01:18:50.275204+00:00] slim-app.INFO: Task of id `5da58ff3-fe2c-473c-9c1b-671a83e7a337` was update. [] {"uid":"dd3c23d"}
[2020-06-19T01:18:50.280279+00:00] slim-app.INFO: Task of id `79dbad10-8377-406d-b56a-4a279968fe0b` was viewed. [] {"uid":"d9debe2"}
[2020-06-19T01:18:59.456122+00:00] slim-app.INFO: Task of id `540f173f-7e0c-47c8-8f49-da526bc4c0e3` was created. [] {"uid":"bedc027"}
[2020-06-19T01:18:59.462872+00:00] slim-app.INFO: Tasks list was viewed. [] {"uid":"f42bc0c"}
[2020-06-19T01:18:59.467511+00:00] slim-app.INFO: Task of id `a004bae4-d158-410f-9706-39e1b4de0368` was update. [] {"uid":"dda91ad"}
[2020-06-19T01:18:59.469548+00:00] slim-app.INFO: Task of id `6279160b-3596-4251-8a62-5e80aa1109ac` was viewed. [] {"uid":"51cecd3"}
[2020-06-19T01:20:14.412564+00:00] slim-app.INFO: Task of id `8a3d5802-b9c1-4769-9f27-4f5ac07eb23d` was created. [] {"uid":"bf91883"}
[2020-06-19T01:20:14.424527+00:00] slim-app.INFO: Tasks list was viewed. [] {"uid":"46ed6d6"}
[2020-06-19T01:20:14.427758+00:00] slim-app.INFO: Task of id `fae90ef3-93f6-48c2-bc6d-4f67eac15c16` was update. [] {"uid":"851aaab"}
[2020-06-19T01:20:14.434588+00:00] slim-app.INFO: Task of id `6dc5012a-16e2-4980-914c-8d362f5d208f` was viewed. [] {"uid":"cd29e9f"}
[2020-06-19T01:20:59.241848+00:00] slim-app.INFO: Task of id `fd29db4c-56e1-4f82-9779-bbd0a0a17b80` was created. [] {"uid":"7804631"}
[2020-06-19T01:20:59.252337+00:00] slim-app.INFO: Tasks list was viewed. [] {"uid":"b667dbe"}
[2020-06-19T01:20:59.254523+00:00] slim-app.INFO: Task of id `a9a87675-dfb7-49ea-a6fe-154e2cb3d360` was update. [] {"uid":"1174849"}
[2020-06-19T01:20:59.257560+00:00] slim-app.INFO: Task of id `8ee02bde-a400-463e-863c-e48628ca7344` was viewed. [] {"uid":"ca52472"}
[2020-06-19T01:21:48.032671+00:00] slim-app.INFO: Task of id `ac923c88-c97e-49a0-94ee-eea7cc5cd76f` was created. [] {"uid":"2ed25f3"}
[2020-06-19T01:21:48.044334+00:00] slim-app.INFO: Tasks list was viewed. [] {"uid":"0e17786"}
[2020-06-19T01:21:48.046867+00:00] slim-app.INFO: Task of id `4a828241-c62d-4581-8f29-fed7e00315ce` was update. [] {"uid":"6985c07"}
[2020-06-19T01:21:48.053838+00:00] slim-app.INFO: Task of id `087211fd-f91b-49a1-b033-c2098d421fdf` was viewed. [] {"uid":"207bb74"}
[2020-06-19T01:22:21.808167+00:00] slim-app.INFO: Task of id `6352cbe2-7933-41c0-8fab-930fcfeeade8` was created. [] {"uid":"31f27d2"}
[2020-06-19T01:22:21.819603+00:00] slim-app.INFO: Tasks list was viewed. [] {"uid":"33887be"}
[2020-06-19T01:22:21.823566+00:00] slim-app.INFO: Task of id `5fccefca-6cfa-4c76-ba38-88155197f457` was update. [] {"uid":"2bb4514"}
[2020-06-19T01:22:21.828812+00:00] slim-app.INFO: Task of id `277dc4cb-8a97-4b0d-9310-0f668d29cb0c` was viewed. [] {"uid":"e31f90b"}
[2020-06-19T01:23:01.996104+00:00] slim-app.INFO: Task of id `3fa40c90-27b8-458e-b1bb-df8efb674852` was created. [] {"uid":"a8a5ea2"}
[2020-06-19T01:23:02.009897+00:00] slim-app.INFO: Tasks list was viewed. [] {"uid":"3d02750"}
[2020-06-19T01:23:02.012291+00:00] slim-app.INFO: Task of id `8a82be33-450c-41bc-ac3a-ee73b5041632` was update. [] {"uid":"0ee5a87"}
[2020-06-19T01:23:02.016217+00:00] slim-app.INFO: Task of id `bef79f9c-84fa-4c06-b849-51d20f7da040` was viewed. [] {"uid":"ce17ff6"}
[2020-06-19T01:24:20.383209+00:00] slim-app.INFO: Task of id `2dad65a2-2823-4444-a711-59274691007e` was created. [] {"uid":"e3f4e34"}
[2020-06-19T01:24:20.397632+00:00] slim-app.INFO: Tasks list was viewed. [] {"uid":"532a656"}
[2020-06-19T01:24:20.401188+00:00] slim-app.INFO: Task of id `171dadaf-d0fd-451e-9409-e461757d2a4f` was update. [] {"uid":"05fdbcb"}
[2020-06-19T01:24:20.405764+00:00] slim-app.INFO: Task of id `47f878c4-ea31-478c-b77a-fd4d576637d3` was viewed. [] {"uid":"347a34d"}
[2020-06-19T01:28:38.711045+00:00] slim-app.INFO: Task of id `de3aedbe-7911-405a-9f35-97b15de27b8b` was created. [] {"uid":"d662849"}
[2020-06-19T01:28:38.725227+00:00] slim-app.INFO: Tasks list was viewed. [] {"uid":"ea2ddb1"}
[2020-06-19T01:28:38.727938+00:00] slim-app.INFO: Task of id `cebd770c-5fbe-4c4b-b1c5-7f939329a688` was update. [] {"uid":"cbd3c3a"}
[2020-06-19T01:28:38.736244+00:00] slim-app.INFO: Task of id `0d4f40d9-85e7-4b33-aff3-5f1cfd885301` was viewed. [] {"uid":"fb9183a"}
[2020-06-19T01:29:16.736754+00:00] slim-app.INFO: Task of id `84a98e2c-2220-4a80-88f0-ce35732c6d73` was created. [] {"uid":"9b685dd"}
[2020-06-19T01:29:16.748366+00:00] slim-app.INFO: Tasks list was viewed. [] {"uid":"819acf8"}
[2020-06-19T01:29:16.750754+00:00] slim-app.INFO: Task of id `dce6ca3b-935b-43e9-89ff-98f820b7ccdc` was update. [] {"uid":"79b3296"}
[2020-06-19T01:29:16.758597+00:00] slim-app.INFO: Task of id `e7d4013d-3eb4-4033-9ec2-cdb18c8f8703` was viewed. [] {"uid":"dd1b850"}
[2020-06-19T01:33:14.088747+00:00] slim-app.INFO: Task of id `fb59bd79-253d-4f65-a67a-cbede44dfc56` was created. [] {"uid":"6ace759"}
[2020-06-19T01:33:14.100087+00:00] slim-app.INFO: Tasks list was viewed. [] {"uid":"eb2eafb"}
[2020-06-19T01:33:14.102826+00:00] slim-app.INFO: Task of id `9eb45bef-9042-449a-a758-7cae0abd884f` was update. [] {"uid":"a3ec3f8"}
[2020-06-19T01:33:14.110631+00:00] slim-app.INFO: Task of id `78df8eac-b4e8-46b4-9b3b-08d5b35f60cc` was viewed. [] {"uid":"4f9e033"}
[2020-06-19T01:34:24.355723+00:00] slim-app.INFO: Task of id `66bd6adc-cb68-4725-b3dc-fb9cfaacfcff` was created. [] {"uid":"f8b2da2"}
[2020-06-19T01:34:24.367747+00:00] slim-app.INFO: Tasks list was viewed. [] {"uid":"dd77ae2"}
[2020-06-19T01:34:24.370529+00:00] slim-app.INFO: Task of id `b8144f0b-8f76-4e22-963e-8a2180944782` was update. [] {"uid":"c05a057"}
[2020-06-19T01:34:24.379422+00:00] slim-app.INFO: Task of id `eb4c1ea9-ab55-41a8-82a1-e6565efadec2` was viewed. [] {"uid":"d9e8d8d"}
[2020-06-19T01:34:50.848495+00:00] slim-app.INFO: Task of id `b9cf3e5a-9ef6-4bb5-940c-f713eee48a26` was created. [] {"uid":"1a0bd13"}
[2020-06-19T01:34:50.854252+00:00] slim-app.INFO: Tasks list was viewed. [] {"uid":"e7a5a7d"}
[2020-06-19T01:34:50.856014+00:00] slim-app.INFO: Task of id `2e7c7020-5a1e-4b04-874b-8492b1957b47` was update. [] {"uid":"6bacc75"}
[2020-06-19T01:34:50.865113+00:00] slim-app.INFO: Task of id `dd3ab1ad-af61-467f-969d-04bc9bba7ede` was viewed. [] {"uid":"bfde0de"}
[2020-06-19T01:37:33.172213+00:00] slim-app.INFO: Task of id `e74ba525-1c44-4e64-9a6c-971f94b75a2b` was created. [] {"uid":"1b81e58"}
[2020-06-19T01:37:33.184553+00:00] slim-app.INFO: Tasks list was viewed. [] {"uid":"0744978"}
[2020-06-19T01:37:33.187988+00:00] slim-app.INFO: Task of id `fff2d35a-f79c-45c8-81db-7e1cfb9af1c2` was update. [] {"uid":"913e1be"}
[2020-06-19T01:37:33.197303+00:00] slim-app.INFO: Task of id `064c3a0f-7d90-4a15-b011-e01152ab4fee` was viewed. [] {"uid":"a5af562"}
[2020-06-19T01:38:05.397100+00:00] slim-app.INFO: Task of id `2bee8380-4964-4c3e-8a30-b0ccf2febad2` was created. [] {"uid":"5b2f7b5"}
[2020-06-19T01:38:05.409112+00:00] slim-app.INFO: Tasks list was viewed. [] {"uid":"7929108"}
[2020-06-19T01:38:05.413091+00:00] slim-app.INFO: Task of id `576f6d71-4b20-43cf-a272-f22c2e7fa9d1` was update. [] {"uid":"2795201"}
[2020-06-19T01:38:05.422200+00:00] slim-app.INFO: Task of id `2f035bcd-6806-45bf-802d-126eda90dfec` was viewed. [] {"uid":"aab6465"}
[2020-06-19T01:39:10.694203+00:00] slim-app.INFO: Task of id `c13deeb0-2602-4cca-8917-a0f2be3e401c` was created. [] {"uid":"165d304"}
[2020-06-19T01:39:10.705429+00:00] slim-app.INFO: Tasks list was viewed. [] {"uid":"f270cda"}
[2020-06-19T01:39:10.708069+00:00] slim-app.INFO: Task of id `a22b209a-87e9-40ee-b95b-56c5b26eff55` was update. [] {"uid":"3b8623f"}
[2020-06-19T01:39:10.717911+00:00] slim-app.INFO: Task of id `b10930d8-d71e-43af-8f8d-027355a2583f` was viewed. [] {"uid":"ba2aa96"}
[2020-06-19T01:42:51.506520+00:00] slim-app.INFO: Task of id `61eb7280-3119-4fd7-8f2c-165107a4f855` was created. [] {"uid":"3c8209f"}
[2020-06-19T01:42:51.529617+00:00] slim-app.INFO: Tasks list was viewed. [] {"uid":"242c91c"}
[2020-06-19T01:42:51.531819+00:00] slim-app.INFO: Task of id `4e8ba0cd-ca57-498d-98c3-5af31fc0867b` was update. [] {"uid":"8d21273"}
[2020-06-19T01:42:51.536664+00:00] slim-app.INFO: Task of id `079d204e-d837-404d-8995-08af6b157236` was viewed. [] {"uid":"462f191"}
[2020-06-19T01:43:19.212326+00:00] slim-app.INFO: Task of id `f3d24787-bd87-4c46-9863-e8d5516e54c3` was created. [] {"uid":"abd8951"}
[2020-06-19T01:43:19.229083+00:00] slim-app.INFO: Tasks list was viewed. [] {"uid":"51f7854"}
[2020-06-19T01:43:19.230844+00:00] slim-app.INFO: Task of id `2592ed53-b837-4969-8405-8b504184d7bb` was update. [] {"uid":"8c240d6"}
[2020-06-19T01:43:19.238647+00:00] slim-app.INFO: Task of id `dc3a6b20-d971-40ec-9e81-85ad65f3248a` was viewed. [] {"uid":"35a5065"}
[2020-06-19T01:43:52.712869+00:00] slim-app.INFO: Task of id `31b7a4be-6d9f-47be-83f2-a1c89cda485b` was created. [] {"uid":"9c2790d"}
[2020-06-19T01:43:52.724934+00:00] slim-app.INFO: Task of id `ad11b565-fca5-4c80-9cdd-10669d6824e3` was delete. [] {"uid":"74fa257"}
[2020-06-19T01:43:52.729964+00:00] slim-app.INFO: Tasks list was viewed. [] {"uid":"ca30e30"}
[2020-06-19T01:43:52.732713+00:00] slim-app.INFO: Task of id `f4e25849-c224-426a-aaa5-f30f88f3cbdd` was update. [] {"uid":"2f467da"}
[2020-06-19T01:43:52.741891+00:00] slim-app.INFO: Task of id `bd1e6603-2167-4dcf-b00d-767f75f9e906` was viewed. [] {"uid":"f8448d4"}
[2020-06-19T01:44:09.954952+00:00] slim-app.INFO: Task of id `a66f2706-613f-44b5-9a3a-a44a797c7b31` was created. [] {"uid":"c1604ab"}
[2020-06-19T01:44:09.968321+00:00] slim-app.INFO: Task of id `e4abb032-98eb-435c-8194-c5e1c9124924` was delete. [] {"uid":"82f2bf8"}
[2020-06-19T01:44:09.979689+00:00] slim-app.INFO: Tasks list was viewed. [] {"uid":"0f8ecf1"}
[2020-06-19T01:44:09.982260+00:00] slim-app.INFO: Task of id `309a8724-f74d-4a94-90f1-4a5c6defd735` was update. [] {"uid":"4407534"}
[2020-06-19T01:44:09.990288+00:00] slim-app.INFO: Task of id `1c079273-08d4-463a-a832-361f5d30a808` was viewed. [] {"uid":"ff0a0f5"}
[2020-06-19T01:46:15.528551+00:00] slim-app.INFO: Task of id `2343d8ff-eee8-47ac-83ad-312c6accb10e` was created. [] {"uid":"f9913d1"}
[2020-06-19T01:46:15.543903+00:00] slim-app.INFO: Task of id `ac89f2a7-945c-4aa0-a7d9-7c44140250ff` was delete. [] {"uid":"4d8b74f"}
[2020-06-19T01:46:15.549535+00:00] slim-app.INFO: Tasks list was viewed. [] {"uid":"ebea2fb"}
[2020-06-19T01:46:15.551695+00:00] slim-app.INFO: Task of id `50f04685-847c-4517-b2cd-362c41a2f748` was update. [] {"uid":"e2d5b0b"}
[2020-06-19T01:46:15.559315+00:00] slim-app.INFO: Task of id `f3ccc876-9b6a-4c2e-9769-83677deb7fde` was viewed. [] {"uid":"788c466"}
[2020-06-19T01:46:35.730506+00:00] slim-app.INFO: Task of id `c051bd69-d415-42c6-ba3e-6ea2fa0c3d91` was created. [] {"uid":"e8eede4"}
[2020-06-19T01:46:35.737931+00:00] slim-app.INFO: Task of id `ea361017-6e93-4832-9e04-0fd739620ca4` was delete. [] {"uid":"d20f386"}
[2020-06-19T01:46:35.739577+00:00] slim-app.INFO: Tasks list was viewed. [] {"uid":"82178f9"}
[2020-06-19T01:46:35.741530+00:00] slim-app.INFO: Task of id `5d181652-b0db-47df-919c-e3149abd901e` was update. [] {"uid":"531c145"}
[2020-06-19T01:46:35.747651+00:00] slim-app.INFO: Task of id `a7f10869-cdaa-42fc-b88a-ea2a4af78c72` was viewed. [] {"uid":"bf29ef4"}
[2020-06-19T01:47:07.682355+00:00] slim-app.INFO: Task of id `a0dfe111-28fe-4a70-bb2d-cf1d942c0c9d` was created. [] {"uid":"6ab2600"}
[2020-06-19T01:47:07.689055+00:00] slim-app.INFO: Task of id `18ebe930-442e-4640-be22-fd1453792fec` was delete. [] {"uid":"944dbed"}
[2020-06-19T01:47:07.694022+00:00] slim-app.INFO: Tasks list was viewed. [] {"uid":"95d7861"}
[2020-06-19T01:47:07.697364+00:00] slim-app.INFO: Task of id `b014d0d9-aad6-4dc1-b709-e53443d93e2b` was update. [] {"uid":"a0c2516"}
[2020-06-19T01:47:07.704657+00:00] slim-app.INFO: Task of id `3cd7877b-d862-4538-8000-33c51647e975` was viewed. [] {"uid":"0a7c3ba"}
[2020-06-19T01:48:52.155582+00:00] slim-app.INFO: Task of id `8407860b-22ad-4524-bc28-872ffeeda090` was created. [] {"uid":"48b5aad"}
[2020-06-19T01:48:52.169473+00:00] slim-app.INFO: Task of id `a0f316c4-4709-4cf5-b968-98723ecfdb9d` was delete. [] {"uid":"49abd4f"}
[2020-06-19T01:48:52.176866+00:00] slim-app.INFO: Tasks list was viewed. [] {"uid":"7f9b6af"}
[2020-06-19T01:48:52.179062+00:00] slim-app.INFO: Task of id `a6ced007-d44a-4dff-b3e5-23299722f770` was update. [] {"uid":"3787300"}
[2020-06-19T01:48:52.185657+00:00] slim-app.INFO: Task of id `df8fea0b-cd9f-48cc-ad79-774758d31848` was viewed. [] {"uid":"7cdaa1c"}
[2020-06-19T01:49:10.630878+00:00] slim-app.INFO: Task of id `1f771c81-7831-409e-8a93-28d9b89beb31` was created. [] {"uid":"cc61ce6"}
[2020-06-19T01:49:10.637220+00:00] slim-app.INFO: Task of id `c2fcceb5-b8d5-4fc3-b41a-36667ffaafa7` was delete. [] {"uid":"ec3fcca"}
[2020-06-19T01:49:10.640612+00:00] slim-app.INFO: Tasks list was viewed. [] {"uid":"0aa84e7"}
[2020-06-19T01:49:10.642453+00:00] slim-app.INFO: Task of id `b2daaea5-ddc4-4c12-87ea-b1f6b7065703` was update. [] {"uid":"bbb2a99"}
[2020-06-19T01:49:10.647567+00:00] slim-app.INFO: Task of id `ff00797f-b551-4a0d-b392-33676c5993f8` was viewed. [] {"uid":"c1cca40"}
[2020-06-19T01:50:55.026419+00:00] slim-app.INFO: Task of id `6a2ee2a7-c4d2-4915-aa4f-a2978d47a831` was created. [] {"uid":"8f61d22"}
[2020-06-19T01:50:55.037482+00:00] slim-app.INFO: Task of id `2c975dad-ba2d-439e-8b92-701c16ea0b45` was delete. [] {"uid":"33f8f17"}
[2020-06-19T01:50:55.043110+00:00] slim-app.INFO: Tasks list was viewed. [] {"uid":"9070d71"}
[2020-06-19T01:50:55.044861+00:00] slim-app.INFO: Task of id `0981978e-ec4e-4be7-b10f-d36e247097ab` was update. [] {"uid":"7b37b2f"}
[2020-06-19T01:50:55.049670+00:00] slim-app.INFO: Task of id `7be5e9da-29c9-4301-9529-88b79eee97e1` was viewed. [] {"uid":"1ebdd9c"}
[2020-06-19T12:01:54.528768+00:00] slim-app.INFO: Tasks list was viewed. [] {"uid":"7f2b1c2"}
[2020-06-19T12:01:59.860923+00:00] slim-app.INFO: Task of id `393d656c-2af1-48ff-bf0f-3e3709bdf3a9` was created. [] {"uid":"af7b717"}
[2020-06-19T12:02:02.152546+00:00] slim-app.INFO: Tasks list was viewed. [] {"uid":"0a1adc8"}
[2020-06-19T12:02:27.931336+00:00] slim-app.INFO: Task of id `5ae14a2e-2ec6-4b00-8f52-0a4c47cef788` was created. [] {"uid":"12a13a3"}
[2020-06-19T12:14:30.922408+00:00] slim-app.INFO: Task of id `5bfc9853-8f89-4f15-9870-1293bd755c3b` was viewed. [] {"uid":"f9ad519"}
[2020-06-19T12:15:38.681169+00:00] slim-app.INFO: Task of id `5bfc9853-8f89-4f15-9870-1293bd755c3b` was viewed. [] {"uid":"69ad1ae"}
[2020-06-19T12:15:48.187635+00:00] slim-app.INFO: Task of id `5bfc9853-8f89-4f15-9870-1293bd755c3b` was delete. [] {"uid":"095e988"}
[2020-06-19T12:15:55.558642+00:00] slim-app.INFO: Task of id `a1f2bbfb-ad79-4921-b3ca-1bf6b220bb4f` was created. [] {"uid":"8086016"}
[2020-06-19T12:16:13.617118+00:00] slim-app.INFO: Tasks list was viewed. [] {"uid":"59d6274"}
[2020-06-19T12:17:11.841985+00:00] slim-app.INFO: Tasks list was viewed. [] {"uid":"3bd9ffa"}
[2020-06-19T12:17:12.685003+00:00] slim-app.INFO: Tasks list was viewed. [] {"uid":"35eac93"}
[2020-06-19T12:31:35.144625+00:00] slim-app.INFO: Task of id `a1f2bbfb-ad79-4921-b3ca-1bf6b220bb4f` was update. [] {"uid":"2ac0ce2"}
[2020-06-19T12:31:39.741131+00:00] slim-app.INFO: Tasks list was viewed. [] {"uid":"02ec96f"}
